0 info it worked if it ends with ok
1 verbose cli [ 'C:\\Program Files\\nodejs\\node.exe',
1 verbose cli   'C:\\Users\\RV_THE_SMAKER\\AppData\\Roaming\\npm\\node_modules\\npm\\bin\\npm-cli.js',
1 verbose cli   'start' ]
2 info using npm@3.10.7
3 info using node@v10.1.0
4 verbose run-script [ 'prestart', 'start', 'poststart' ]
5 info lifecycle react-complete-guide@0.1.0~prestart: react-complete-guide@0.1.0
6 silly lifecycle react-complete-guide@0.1.0~prestart: no script for prestart, continuing
7 info lifecycle react-complete-guide@0.1.0~start: react-complete-guide@0.1.0
8 verbose lifecycle react-complete-guide@0.1.0~start: unsafe-perm in lifecycle true
9 verbose lifecycle react-complete-guide@0.1.0~start: PATH: C:\Users\RV_THE_SMAKER\AppData\Roaming\npm\node_modules\npm\bin\node-gyp-bin;C:\Users\RV_THE_SMAKER\Documents\GitHub\http-01-starting-setup\http--01-starting-setup\node_modules\.bin;C:\ProgramData\Oracle\Java\javapath;C:\Program Files (x86)\Intel\iCLS Client\;C:\Program Files\Intel\iCLS Client\;C:\Program Files\Common Files\Microsoft Shared\Windows Live;C:\Program Files (x86)\Common Files\Microsoft Shared\Windows Live;C:\WINDOWS\system32;C:\WINDOWS;C:\WINDOWS\System32\Wbem;C:\WINDOWS\System32\WindowsPowerShell\v1.0\;C:\Program Files (x86)\Windows Live\Shared;C:\Program Files\Intel\Intel(R) Management Engine Components\DAL;C:\Program Files\Intel\Intel(R) Management Engine Components\IPT;C:\Program Files (x86)\Intel\Intel(R) Management Engine Components\DAL;C:\Program Files (x86)\Intel\Intel(R) Management Engine Components\IPT;C:\Program Files\Hewlett-Packard\SimplePass\;C:\Program Files (x86)\Skype\Phone\;c:\Program Files (x86)\Microsoft SQL Server\100\Tools\Binn\;c:\Program Files\Microsoft SQL Server\100\Tools\Binn\;c:\Program Files\Microsoft SQL Server\100\DTS\Binn\;C:\Program Files (x86)\NVIDIA Corporation\PhysX\Common;C:\Program Files (x86)\MySQL\MySQL Fabric 1.5.4 & MySQL Utilities 1.5.4 1.5\;"C:\Program Files (x86)\Java\jdk1.7.0_25\bin";C:\WINDOWS\system32;C:\WINDOWS;C:\WINDOWS\System32\Wbem;C:\WINDOWS\System32\WindowsPowerShell\v1.0\;C:\Program Files\nodejs\;C:\WINDOWS\System32\OpenSSH\;C:\Users\RV_THE_SMAKER\AppData\Local\Microsoft\WindowsApps;C:\Users\RV_THE_SMAKER\AppData\Local\GitHubDesktop\bin;C:\Users\RV_THE_SMAKER\AppData\Roaming\npm;C:\Users\RV_THE_SMAKER\AppData\Local\atom\bin;%USERPROFILE%\AppData\Local\Microsoft\WindowsApps
10 verbose lifecycle react-complete-guide@0.1.0~start: CWD: C:\Users\RV_THE_SMAKER\Documents\GitHub\http-01-starting-setup\http--01-starting-setup
11 silly lifecycle react-complete-guide@0.1.0~start: Args: [ '/d /s /c', 'react-scripts start' ]
12 silly lifecycle react-complete-guide@0.1.0~start: Returned: code: 3221225786  signal: null
13 info lifecycle react-complete-guide@0.1.0~start: Failed to exec start script
14 verbose stack Error: react-complete-guide@0.1.0 start: `react-scripts start`
14 verbose stack Exit status 3221225786
14 verbose stack     at EventEmitter.<anonymous> (C:\Users\RV_THE_SMAKER\AppData\Roaming\npm\node_modules\npm\lib\utils\lifecycle.js:255:16)
14 verbose stack     at EventEmitter.emit (events.js:182:13)
14 verbose stack     at ChildProcess.<anonymous> (C:\Users\RV_THE_SMAKER\AppData\Roaming\npm\node_modules\npm\lib\utils\spawn.js:40:14)
14 verbose stack     at ChildProcess.emit (events.js:182:13)
14 verbose stack     at maybeClose (internal/child_process.js:957:16)
14 verbose stack     at Process.ChildProcess._handle.onexit (internal/child_process.js:246:5)
15 verbose pkgid react-complete-guide@0.1.0
16 verbose cwd C:\Users\RV_THE_SMAKER\Documents\GitHub\http-01-starting-setup\http--01-starting-setup
17 error Windows_NT 10.0.17134
18 error argv "C:\\Program Files\\nodejs\\node.exe" "C:\\Users\\RV_THE_SMAKER\\AppData\\Roaming\\npm\\node_modules\\npm\\bin\\npm-cli.js" "start"
19 error node v10.1.0
20 error npm  v3.10.7
21 error code ELIFECYCLE
22 error react-complete-guide@0.1.0 start: `react-scripts start`
22 error Exit status 3221225786
23 error Failed at the react-complete-guide@0.1.0 start script 'react-scripts start'.
23 error Make sure you have the latest version of node.js and npm installed.
23 error If you do, this is most likely a problem with the react-complete-guide package,
23 error not with npm itself.
23 error Tell the author that this fails on your system:
23 error     react-scripts start
23 error You can get information on how to open an issue for this project with:
23 error     npm bugs react-complete-guide
23 error Or if that isn't available, you can get their info via:
23 error     npm owner ls react-complete-guide
23 error There is likely additional logging output above.
24 verbose exit [ 1, true ]
